This is pdfTeX, Version 3.14159265-2.6-1.40.19 (TeX Live 2018/Arch Linux) (preloaded format=pdflatex 2019.3.19)  29 MAR 2019 20:22
entering extended mode
 restricted \write18 enabled.
 %&-line parsing enabled.
**main.tex
(./main.tex
LaTeX2e <2018-12-01>
(/usr/share/texmf-dist/tex/latex/base/report.cls
Document Class: report 2018/09/03 v1.4i Standard LaTeX document class
(/usr/share/texmf-dist/tex/latex/base/size12.clo
File: size12.clo 2018/09/03 v1.4i Standard LaTeX file (size option)
)
\c@part=\count80
\c@chapter=\count81
\c@section=\count82
\c@subsection=\count83
\c@subsubsection=\count84
\c@paragraph=\count85
\c@subparagraph=\count86
\c@figure=\count87
\c@table=\count88
\abovecaptionskip=\skip41
\belowcaptionskip=\skip42
\bibindent=\dimen102
)
(/usr/share/texmf-dist/tex/latex/base/inputenc.sty
Package: inputenc 2018/08/11 v1.3c Input encoding file
\inpenc@prehook=\toks14
\inpenc@posthook=\toks15
) (./thesis.sty
Package: thesis 

(/usr/share/texmf-dist/tex/latex/geometry/geometry.sty
Package: geometry 2018/04/16 v5.8 Page Geometry

(/usr/share/texmf-dist/tex/latex/graphics/keyval.sty
Package: keyval 2014/10/28 v1.15 key=value parser (DPC)
\KV@toks@=\toks16
)
(/usr/share/texmf-dist/tex/generic/oberdiek/ifpdf.sty
Package: ifpdf 2018/09/07 v3.3 Provides the ifpdf switch
)
(/usr/share/texmf-dist/tex/generic/oberdiek/ifvtex.sty
Package: ifvtex 2016/05/16 v1.6 Detect VTeX and its facilities (HO)
Package ifvtex Info: VTeX not detected.
)
(/usr/share/texmf-dist/tex/generic/ifxetex/ifxetex.sty
Package: ifxetex 2010/09/12 v0.6 Provides ifxetex conditional
)
\Gm@cnth=\count89
\Gm@cntv=\count90
\c@Gm@tempcnt=\count91
\Gm@bindingoffset=\dimen103
\Gm@wd@mp=\dimen104
\Gm@odd@mp=\dimen105
\Gm@even@mp=\dimen106
\Gm@layoutwidth=\dimen107
\Gm@layoutheight=\dimen108
\Gm@layouthoffset=\dimen109
\Gm@layoutvoffset=\dimen110
\Gm@dimlist=\toks17
)
(/usr/share/texmf-dist/tex/generic/babel/babel.sty
Package: babel 2018/11/13 3.27 The Babel package

(/usr/share/texmf-dist/tex/generic/babel/switch.def
File: switch.def 2018/11/13 3.27 Babel switching mechanism
)
(/usr/share/texmf-dist/tex/generic/babel-slovak/slovak.ldf
Language: slovak 2008/07/06 v3.1a Slovak support from the babel system

(/usr/share/texmf-dist/tex/generic/babel/babel.def
File: babel.def 2018/11/13 3.27 Babel common definitions
\babel@savecnt=\count92
\U@D=\dimen111

(/usr/share/texmf-dist/tex/generic/babel/txtbabel.def)
\bbl@dirlevel=\count93
)
Package babel Info: Making ^ an active character on input line 123.
Package babel Info: Making " an active character on input line 126.
Package babel Info: Making ' an active character on input line 129.
\cs@wordlen=\count94
Package babel Info: Making - an active character on input line 294.
))
(/usr/share/texmf-dist/tex/latex/tools/indentfirst.sty
Package: indentfirst 1995/11/23 v1.03 Indent first paragraph (DPC)
)
(/usr/share/texmf-dist/tex/latex/textcase/textcase.sty
Package: textcase 2004/10/07 v0.07 Text only upper/lower case changing (DPC)
)
(/usr/share/texmf-dist/tex/latex/float/float.sty
Package: float 2001/11/08 v1.3d Float enhancements (AL)
\c@float@type=\count95
\float@exts=\toks18
\float@box=\box27
\@float@everytoks=\toks19
\@floatcapt=\box28
)
(/usr/share/texmf-dist/tex/latex/graphics/graphicx.sty
Package: graphicx 2017/06/01 v1.1a Enhanced LaTeX Graphics (DPC,SPQR)

(/usr/share/texmf-dist/tex/latex/graphics/graphics.sty
Package: graphics 2017/06/25 v1.2c Standard LaTeX Graphics (DPC,SPQR)

(/usr/share/texmf-dist/tex/latex/graphics/trig.sty
Package: trig 2016/01/03 v1.10 sin cos tan (DPC)
)
(/usr/share/texmf-dist/tex/latex/graphics-cfg/graphics.cfg
File: graphics.cfg 2016/06/04 v1.11 sample graphics configuration
)
Package graphics Info: Driver file: pdftex.def on input line 99.

(/usr/share/texmf-dist/tex/latex/graphics-def/pdftex.def
File: pdftex.def 2018/01/08 v1.0l Graphics/color driver for pdftex
))
\Gin@req@height=\dimen112
\Gin@req@width=\dimen113
)
(/usr/share/texmf-dist/tex/latex/amsmath/amsmath.sty
Package: amsmath 2018/12/01 v2.17b AMS math features
\@mathmargin=\skip43

For additional information on amsmath, use the `?' option.
(/usr/share/texmf-dist/tex/latex/amsmath/amstext.sty
Package: amstext 2000/06/29 v2.01 AMS text

(/usr/share/texmf-dist/tex/latex/amsmath/amsgen.sty
File: amsgen.sty 1999/11/30 v2.0 generic functions
\@emptytoks=\toks20
\ex@=\dimen114
))
(/usr/share/texmf-dist/tex/latex/amsmath/amsbsy.sty
Package: amsbsy 1999/11/29 v1.2d Bold Symbols
\pmbraise@=\dimen115
)
(/usr/share/texmf-dist/tex/latex/amsmath/amsopn.sty
Package: amsopn 2016/03/08 v2.02 operator names
)
\inf@bad=\count96
LaTeX Info: Redefining \frac on input line 223.
\uproot@=\count97
\leftroot@=\count98
LaTeX Info: Redefining \overline on input line 385.
\classnum@=\count99
\DOTSCASE@=\count100
LaTeX Info: Redefining \ldots on input line 482.
LaTeX Info: Redefining \dots on input line 485.
LaTeX Info: Redefining \cdots on input line 606.
\Mathstrutbox@=\box29
\strutbox@=\box30
\big@size=\dimen116
LaTeX Font Info:    Redeclaring font encoding OML on input line 729.
LaTeX Font Info:    Redeclaring font encoding OMS on input line 730.
\macc@depth=\count101
\c@MaxMatrixCols=\count102
\dotsspace@=\muskip10
\c@parentequation=\count103
\dspbrk@lvl=\count104
\tag@help=\toks21
\row@=\count105
\column@=\count106
\maxfields@=\count107
\andhelp@=\toks22
\eqnshift@=\dimen117
\alignsep@=\dimen118
\tagshift@=\dimen119
\tagwidth@=\dimen120
\totwidth@=\dimen121
\lineht@=\dimen122
\@envbody=\toks23
\multlinegap=\skip44
\multlinetaggap=\skip45
\mathdisplay@stack=\toks24
LaTeX Info: Redefining \[ on input line 2844.
LaTeX Info: Redefining \] on input line 2845.
)
(/usr/share/texmf-dist/tex/latex/amsfonts/amssymb.sty
Package: amssymb 2013/01/14 v3.01 AMS font symbols

(/usr/share/texmf-dist/tex/latex/amsfonts/amsfonts.sty
Package: amsfonts 2013/01/14 v3.01 Basic AMSFonts support
\symAMSa=\mathgroup4
\symAMSb=\mathgroup5
LaTeX Font Info:    Overwriting math alphabet `\mathfrak' in version `bold'
(Font)                  U/euf/m/n --> U/euf/b/n on input line 106.
))
(/usr/share/texmf-dist/tex/latex/pdfpages/pdfpages.sty
Package: pdfpages 2017/10/31 v0.5l Insert pages of external PDF documents (AM)

(/usr/share/texmf-dist/tex/latex/base/ifthen.sty
Package: ifthen 2014/09/29 v1.1c Standard LaTeX ifthen package (DPC)
)
(/usr/share/texmf-dist/tex/latex/tools/calc.sty
Package: calc 2017/05/25 v4.3 Infix arithmetic (KKT,FJ)
\calc@Acount=\count108
\calc@Bcount=\count109
\calc@Adimen=\dimen123
\calc@Bdimen=\dimen124
\calc@Askip=\skip46
\calc@Bskip=\skip47
LaTeX Info: Redefining \setlength on input line 80.
LaTeX Info: Redefining \addtolength on input line 81.
\calc@Ccount=\count110
\calc@Cskip=\skip48
)
(/usr/share/texmf-dist/tex/latex/eso-pic/eso-pic.sty
Package: eso-pic 2018/04/12 v2.0h eso-pic (RN)

(/usr/share/texmf-dist/tex/generic/oberdiek/atbegshi.sty
Package: atbegshi 2016/06/09 v1.18 At begin shipout hook (HO)

(/usr/share/texmf-dist/tex/generic/oberdiek/infwarerr.sty
Package: infwarerr 2016/05/16 v1.4 Providing info/warning/error messages (HO)
)
(/usr/share/texmf-dist/tex/generic/oberdiek/ltxcmds.sty
Package: ltxcmds 2016/05/16 v1.23 LaTeX kernel commands for general use (HO)
))
(/usr/share/texmf-dist/tex/latex/xcolor/xcolor.sty
Package: xcolor 2016/05/11 v2.12 LaTeX color extensions (UK)

(/usr/share/texmf-dist/tex/latex/graphics-cfg/color.cfg
File: color.cfg 2016/01/02 v1.6 sample color configuration
)
Package xcolor Info: Driver file: pdftex.def on input line 225.
Package xcolor Info: Model `cmy' substituted by `cmy0' on input line 1348.
Package xcolor Info: Model `hsb' substituted by `rgb' on input line 1352.
Package xcolor Info: Model `RGB' extended on input line 1364.
Package xcolor Info: Model `HTML' substituted by `rgb' on input line 1366.
Package xcolor Info: Model `Hsb' substituted by `hsb' on input line 1367.
Package xcolor Info: Model `tHsb' substituted by `hsb' on input line 1368.
Package xcolor Info: Model `HSB' substituted by `hsb' on input line 1369.
Package xcolor Info: Model `Gray' substituted by `gray' on input line 1370.
Package xcolor Info: Model `wave' substituted by `hsb' on input line 1371.
))
\AM@pagewidth=\dimen125
\AM@pageheight=\dimen126

(/usr/share/texmf-dist/tex/latex/pdfpages/pppdftex.def
File: pppdftex.def 2017/10/31 v0.5l Pdfpages driver for pdfTeX (AM)
)
\AM@pagebox=\box31
\AM@global@opts=\toks25
\AM@toc@title=\toks26
\c@AM@survey=\count111
\AM@templatesizebox=\box32
)
(/usr/share/texmf-dist/tex/latex/eurosym/eurosym.sty
Package: eurosym 1998/08/06 v1.1 European currency symbol ``Euro''
\@eurobox=\box33
)
(/usr/share/texmf-dist/tex/latex/url/url.sty
\Urlmuskip=\muskip11
Package: url 2013/09/16  ver 3.4  Verb mode for urls, etc.
)
(/usr/share/texmf-dist/tex/latex/hyperref/hyperref.sty
Package: hyperref 2018/11/30 v6.88e Hypertext links for LaTeX

(/usr/share/texmf-dist/tex/generic/oberdiek/hobsub-hyperref.sty
Package: hobsub-hyperref 2016/05/16 v1.14 Bundle oberdiek, subset hyperref (HO)


(/usr/share/texmf-dist/tex/generic/oberdiek/hobsub-generic.sty
Package: hobsub-generic 2016/05/16 v1.14 Bundle oberdiek, subset generic (HO)
Package: hobsub 2016/05/16 v1.14 Construct package bundles (HO)
Package hobsub Info: Skipping package `infwarerr' (already loaded).
Package hobsub Info: Skipping package `ltxcmds' (already loaded).
Package: ifluatex 2016/05/16 v1.4 Provides the ifluatex switch (HO)
Package ifluatex Info: LuaTeX not detected.
Package hobsub Info: Skipping package `ifvtex' (already loaded).
Package: intcalc 2016/05/16 v1.2 Expandable calculations with integers (HO)
Package hobsub Info: Skipping package `ifpdf' (already loaded).
Package: etexcmds 2016/05/16 v1.6 Avoid name clashes with e-TeX commands (HO)
Package etexcmds Info: Could not find \expanded.
(etexcmds)             That can mean that you are not using pdfTeX 1.50 or
(etexcmds)             that some package has redefined \expanded.
(etexcmds)             In the latter case, load this package earlier.
Package: kvsetkeys 2016/05/16 v1.17 Key value parser (HO)
Package: kvdefinekeys 2016/05/16 v1.4 Define keys (HO)
Package: pdftexcmds 2018/09/10 v0.29 Utility functions of pdfTeX for LuaTeX (HO
)
Package pdftexcmds Info: LuaTeX not detected.
Package pdftexcmds Info: \pdf@primitive is available.
Package pdftexcmds Info: \pdf@ifprimitive is available.
Package pdftexcmds Info: \pdfdraftmode found.
Package: pdfescape 2016/05/16 v1.14 Implements pdfTeX's escape features (HO)
Package: bigintcalc 2016/05/16 v1.4 Expandable calculations on big integers (HO
)
Package: bitset 2016/05/16 v1.2 Handle bit-vector datatype (HO)
Package: uniquecounter 2016/05/16 v1.3 Provide unlimited unique counter (HO)
)
Package hobsub Info: Skipping package `hobsub' (already loaded).
Package: letltxmacro 2016/05/16 v1.5 Let assignment for LaTeX macros (HO)
Package: hopatch 2016/05/16 v1.3 Wrapper for package hooks (HO)
Package: xcolor-patch 2016/05/16 xcolor patch
Package: atveryend 2016/05/16 v1.9 Hooks at the very end of document (HO)
Package atveryend Info: \enddocument detected (standard20110627).
Package hobsub Info: Skipping package `atbegshi' (already loaded).
Package: refcount 2016/05/16 v3.5 Data extraction from label references (HO)
Package: hycolor 2016/05/16 v1.8 Color options for hyperref/bookmark (HO)
)
(/usr/share/texmf-dist/tex/latex/oberdiek/auxhook.sty
Package: auxhook 2016/05/16 v1.4 Hooks for auxiliary files (HO)
)
(/usr/share/texmf-dist/tex/latex/oberdiek/kvoptions.sty
Package: kvoptions 2016/05/16 v3.12 Key value format for package options (HO)
)
\@linkdim=\dimen127
\Hy@linkcounter=\count112
\Hy@pagecounter=\count113

(/usr/share/texmf-dist/tex/latex/hyperref/pd1enc.def
File: pd1enc.def 2018/11/30 v6.88e Hyperref: PDFDocEncoding definition (HO)
Now handling font encoding PD1 ...
... no UTF-8 mapping file for font encoding PD1
)
\Hy@SavedSpaceFactor=\count114

(/usr/share/texmf-dist/tex/latex/latexconfig/hyperref.cfg
File: hyperref.cfg 2002/06/06 v1.2 hyperref configuration of TeXLive
)
Package hyperref Info: Option `bookmarks' set `true' on input line 4393.
Package hyperref Info: Hyper figures OFF on input line 4519.
Package hyperref Info: Link nesting OFF on input line 4524.
Package hyperref Info: Hyper index ON on input line 4527.
Package hyperref Info: Plain pages OFF on input line 4534.
Package hyperref Info: Backreferencing OFF on input line 4539.
Package hyperref Info: Implicit mode ON; LaTeX internals redefined.
Package hyperref Info: Bookmarks ON on input line 4772.
\c@Hy@tempcnt=\count115
LaTeX Info: Redefining \url on input line 5125.
\XeTeXLinkMargin=\dimen128
\Fld@menulength=\count116
\Field@Width=\dimen129
\Fld@charsize=\dimen130
Package hyperref Info: Hyper figures OFF on input line 6380.
Package hyperref Info: Link nesting OFF on input line 6385.
Package hyperref Info: Hyper index ON on input line 6388.
Package hyperref Info: backreferencing OFF on input line 6395.
Package hyperref Info: Link coloring OFF on input line 6400.
Package hyperref Info: Link coloring with OCG OFF on input line 6405.
Package hyperref Info: PDF/A mode OFF on input line 6410.
LaTeX Info: Redefining \ref on input line 6450.
LaTeX Info: Redefining \pageref on input line 6454.
\Hy@abspage=\count117
\c@Item=\count118
\c@Hfootnote=\count119
)
Package hyperref Info: Driver: hpdftex.

(/usr/share/texmf-dist/tex/latex/hyperref/hpdftex.def
File: hpdftex.def 2018/11/30 v6.88e Hyperref driver for pdfTeX
\Fld@listcount=\count120
\c@bookmark@seq@number=\count121

(/usr/share/texmf-dist/tex/latex/oberdiek/rerunfilecheck.sty
Package: rerunfilecheck 2016/05/16 v1.8 Rerun checks for auxiliary files (HO)
Package uniquecounter Info: New unique counter `rerunfilecheck' on input line 2
82.
)
\Hy@SectionHShift=\skip49
)
Package hyperref Info: Option `colorlinks' set `true' on input line 22.

(/usr/share/texmf-dist/tex/latex/titlesec/titlesec.sty
Package: titlesec 2016/03/21 v2.10.2 Sectioning titles
\ttl@box=\box34
\beforetitleunit=\skip50
\aftertitleunit=\skip51
\ttl@plus=\dimen131
\ttl@minus=\dimen132
\ttl@toksa=\toks27
\titlewidth=\dimen133
\titlewidthlast=\dimen134
\titlewidthfirst=\dimen135
)
(/usr/share/texmf-dist/tex/latex/chngcntr/chngcntr.sty
Package: chngcntr 2018/04/09 v1.1a change counter resetting
Package chngcntr Info: \counterwithout already defined.
(chngcntr)             Quitting chngcntr on input line 21.
)
(/usr/share/texmf-dist/tex/latex/algorithms/algorithm.sty
Package: algorithm 2009/08/24 v0.1 Document Style `algorithm' - floating enviro
nment
\@float@every@algorithm=\toks28
\c@algorithm=\count122
)
(/usr/share/texmf-dist/tex/latex/algorithmicx/algpseudocode.sty
Package: algpseudocode 

(/usr/share/texmf-dist/tex/latex/algorithmicx/algorithmicx.sty
Package: algorithmicx 2005/04/27 v1.2 Algorithmicx

Document Style algorithmicx 1.2 - a greatly improved `algorithmic' style
\c@ALG@line=\count123
\c@ALG@rem=\count124
\c@ALG@nested=\count125
\ALG@tlm=\skip52
\ALG@thistlm=\skip53
\c@ALG@Lnr=\count126
\c@ALG@blocknr=\count127
\c@ALG@storecount=\count128
\c@ALG@tmpcounter=\count129
\ALG@tmplength=\skip54
)
Document Style - pseudocode environments for use with the `algorithmicx' style
) (/usr/share/texmf-dist/tex/latex/multibib/multibib.sty
Package: multibib 2008/12/10 v1.4 Multiple bibliographies for one document.
\mb@biblabelwidth=\count130
)

Package hyperref Warning: Composite letter `\textasciicaron+n'
(hyperref)                not defined in PD1 encoding,
(hyperref)                removing `\textasciicaron' on input line 44.

) (./main.aux

LaTeX Warning: Label `pic-Frame' multiply defined.

)
\openout1 = `main.aux'.

LaTeX Font Info:    Checking defaults for OML/cmm/m/it on input line 29.
LaTeX Font Info:    ... okay on input line 29.
LaTeX Font Info:    Checking defaults for T1/cmr/m/n on input line 29.
LaTeX Font Info:    ... okay on input line 29.
LaTeX Font Info:    Checking defaults for OT1/cmr/m/n on input line 29.
LaTeX Font Info:    ... okay on input line 29.
LaTeX Font Info:    Checking defaults for OMS/cmsy/m/n on input line 29.
LaTeX Font Info:    ... okay on input line 29.
LaTeX Font Info:    Checking defaults for OMX/cmex/m/n on input line 29.
LaTeX Font Info:    ... okay on input line 29.
LaTeX Font Info:    Checking defaults for U/cmr/m/n on input line 29.
LaTeX Font Info:    ... okay on input line 29.
LaTeX Font Info:    Checking defaults for PD1/pdf/m/n on input line 29.
LaTeX Font Info:    ... okay on input line 29.

*geometry* driver: auto-detecting
*geometry* detected driver: pdftex
*geometry* verbose mode - [ preamble ] result:
* driver: pdftex
* paper: a4paper
* layout: <same size as paper>
* layoutoffset:(h,v)=(0.0pt,0.0pt)
* modes: 
* h-part:(L,W,R)=(99.58464pt, 441.01773pt, 56.9055pt)
* v-part:(T,H,B)=(71.13188pt, 702.78308pt, 71.13188pt)
* \paperwidth=597.50787pt
* \paperheight=845.04684pt
* \textwidth=441.01773pt
* \textheight=702.78308pt
* \oddsidemargin=27.31465pt
* \evensidemargin=27.31465pt
* \topmargin=-38.1381pt
* \headheight=12.0pt
* \headsep=25.0pt
* \topskip=12.0pt
* \footskip=30.0pt
* \marginparwidth=35.0pt
* \marginparsep=10.0pt
* \columnsep=10.0pt
* \skip\footins=10.8pt plus 4.0pt minus 2.0pt
* \hoffset=0.0pt
* \voffset=0.0pt
* \mag=1000
* \@twocolumnfalse
* \@twosidefalse
* \@mparswitchfalse
* \@reversemarginfalse
* (1in=72.27pt=25.4mm, 1cm=28.453pt)

(/usr/share/texmf-dist/tex/context/base/mkii/supp-pdf.mkii
[Loading MPS to PDF converter (version 2006.09.02).]
\scratchcounter=\count131
\scratchdimen=\dimen136
\scratchbox=\box35
\nofMPsegments=\count132
\nofMParguments=\count133
\everyMPshowfont=\toks29
\MPscratchCnt=\count134
\MPscratchDim=\dimen137
\MPnumerator=\count135
\makeMPintoPDFobject=\count136
\everyMPtoPDFconversion=\toks30
) (/usr/share/texmf-dist/tex/latex/oberdiek/epstopdf-base.sty
Package: epstopdf-base 2016/05/15 v2.6 Base part for package epstopdf

(/usr/share/texmf-dist/tex/latex/oberdiek/grfext.sty
Package: grfext 2016/05/16 v1.2 Manage graphics extensions (HO)
)
Package epstopdf-base Info: Redefining graphics rule for `.eps' on input line 4
38.
Package grfext Info: Graphics extension search list:
(grfext)             [.pdf,.png,.jpg,.mps,.jpeg,.jbig2,.jb2,.PDF,.PNG,.JPG,.JPE
G,.JBIG2,.JB2,.eps]
(grfext)             \AppendGraphicsExtensions on input line 456.

(/usr/share/texmf-dist/tex/latex/latexconfig/epstopdf-sys.cfg
File: epstopdf-sys.cfg 2010/07/13 v1.3 Configuration of (r)epstopdf for TeX Liv
e
))
\AtBeginShipoutBox=\box36

(/usr/share/texmf-dist/tex/latex/oberdiek/pdflscape.sty
Package: pdflscape 2016/05/14 v0.11 Display of landscape pages in PDF (HO)

(/usr/share/texmf-dist/tex/latex/graphics/lscape.sty
Package: lscape 2000/10/22 v3.01 Landscape Pages (DPC)
)
Package pdflscape Info: Auto-detected driver: pdftex on input line 81.
)
Package hyperref Info: Link coloring ON on input line 29.

(/usr/share/texmf-dist/tex/latex/hyperref/nameref.sty
Package: nameref 2016/05/21 v2.44 Cross-referencing by name of section

(/usr/share/texmf-dist/tex/generic/oberdiek/gettitlestring.sty
Package: gettitlestring 2016/05/16 v1.5 Cleanup title references (HO)
)
\c@section@level=\count137
)
LaTeX Info: Redefining \ref on input line 29.
LaTeX Info: Redefining \pageref on input line 29.
LaTeX Info: Redefining \nameref on input line 29.
 (./main.out)
(./main.out)
\@outlinefile=\write3
\openout3 = `main.out'.

 (./text/00_formality.tex
LaTeX Font Info:    Try loading font information for U+msa on input line 34.

(/usr/share/texmf-dist/tex/latex/amsfonts/umsa.fd
File: umsa.fd 2013/01/14 v3.01 AMS symbols A
)
LaTeX Font Info:    Try loading font information for U+msb on input line 34.

(/usr/share/texmf-dist/tex/latex/amsfonts/umsb.fd
File: umsb.fd 2013/01/14 v3.01 AMS symbols B
) [1

{/var/lib/texmf/fonts/map/pdftex/updmap/pdftex.map}] (./main.toc)
\tf@toc=\write4
\openout4 = `main.toc'.

 [2

]) (./text/02_text.tex
Kapitola 1.
[3

]
Kapitola 2.

Package hyperref Warning: Composite letter `\textasciicaron+l'
(hyperref)                not defined in PD1 encoding,
(hyperref)                removing `\textasciicaron' on input line 20.


Overfull \hbox (5.47894pt too wide) in paragraph at lines 28--31
\OT1/cmr/m/n/12 syst^^Semov a ich ro-z-hran^^S^^P tak, aby boli co naj-jed-no-d
uch^^Tsie a na-jin-tuit^^S^^Pvnej^^Tsie pre ^^Tspecifick^^Su
 []


Overfull \hbox (0.58899pt too wide) in paragraph at lines 28--31
\OT1/cmr/m/n/12 cov^^Seho pou^^Tz^^S^^Pvatel[]a. Hlavn^^Sym ciel[]om HCI je do-
sia-hnut[] lep^^Tsiu pou^^Tzitel[]nost[] a in-tuit^^S^^Pvnost[]
 []

LaTeX Font Info:    Try loading font information for OMS+cmr on input line 41.
(/usr/share/texmf-dist/tex/latex/base/omscmr.fd
File: omscmr.fd 2014/09/29 v2.5h Standard LaTeX font definitions
)
LaTeX Font Info:    Font shape `OMS/cmr/m/n' in size <12> not available
(Font)              Font shape `OMS/cmsy/m/n' tried instead on input line 41.
 [4

]
<pics/googleHome.jpg, id=155, 1606.0pt x 903.375pt>
File: pics/googleHome.jpg Graphic file (type jpg)
<use pics/googleHome.jpg>
Package pdftex.def Info: pics/googleHome.jpg  used on input line 72.
(pdftex.def)             Requested size: 252.89732pt x 142.26378pt.
 [5]
<pics/Microrobotics.png, id=167, 641.39626pt x 358.33875pt>
File: pics/Microrobotics.png Graphic file (type png)
<use pics/Microrobotics.png>
Package pdftex.def Info: pics/Microrobotics.png  used on input line 81.
(pdftex.def)             Requested size: 254.64551pt x 142.26378pt.
<pics/calcFlow.jpg, id=170, 701.11937pt x 542.025pt>
File: pics/calcFlow.jpg Graphic file (type jpg)
<use pics/calcFlow.jpg>
Package pdftex.def Info: pics/calcFlow.jpg  used on input line 90.
(pdftex.def)             Requested size: 184.01984pt x 142.26378pt.
 [6 <./pics/googleHome.jpg> <./pics/Microrobotics.png> <./pics/calcFlow.jpg>]
Kapitola 3.
[7

]
Kapitola 4.

Underfull \hbox (badness 10000) in paragraph at lines 114--116

 []

<pics/EBGM.png, id=186, 623.32875pt x 164.615pt>
File: pics/EBGM.png Graphic file (type png)
<use pics/EBGM.png>
Package pdftex.def Info: pics/EBGM.png  used on input line 126.
(pdftex.def)             Requested size: 430.96281pt x 113.81102pt.
<pics/pery.png, id=189, 612.2875pt x 274.02374pt>
File: pics/pery.png Graphic file (type png)
<use pics/pery.png>
Package pdftex.def Info: pics/pery.png  used on input line 139.
(pdftex.def)             Requested size: 222.5161pt x 99.58464pt.
[8

 <./pics/EBGM.png> <./pics/pery.png>]
Underfull \hbox (badness 10000) in paragraph at lines 166--167

 []


Overfull \hbox (16.10086pt too wide) in paragraph at lines 168--178
\OT1/cmr/m/n/12 sn^^S^^Pmky vi-dea na ob-last[] pier. Sn^^S^^Pmky pre-ved^^Su d
o ^^Tsedot^^Sonovej ob-lasti, vyre^^Tz^^Su 200 n^^Sahodn^^Sych
 []

<pics/ferns&forests.png, id=202, 644.4075pt x 462.72874pt>
File: pics/ferns&forests.png Graphic file (type png)
<use pics/ferns&forests.png>
Package pdftex.def Info: pics/ferns&forests.png  used on input line 181.
(pdftex.def)             Requested size: 257.55194pt x 184.9429pt.

Underfull \hbox (badness 10000) in paragraph at lines 188--189

 []

[9 <./pics/ferns&forests.png>]
<pics/cuaveFrontal.png, id=213, 593.21625pt x 410.53375pt>
File: pics/cuaveFrontal.png Graphic file (type png)
<use pics/cuaveFrontal.png>
Package pdftex.def Info: pics/cuaveFrontal.png  used on input line 203.
(pdftex.def)             Requested size: 267.2345pt x 184.9429pt.
<pics/liver.png, id=214, 576.1525pt x 389.455pt>
File: pics/liver.png Graphic file (type png)
<use pics/liver.png>
Package pdftex.def Info: pics/liver.png  used on input line 204.
(pdftex.def)             Requested size: 273.59615pt x 184.9429pt.
 [10]
Underfull \hbox (badness 10000) in paragraph at lines 211--213

 []

[11 <./pics/cuaveFrontal.png> <./pics/liver.png>]
Kapitola 5.

Underfull \hbox (badness 10000) in paragraph at lines 215--219

 []

<pics/pic-ranjan2017hyperface-siet.png, id=231, 922.19531pt x 518.6878pt>
File: pics/pic-ranjan2017hyperface-siet.png Graphic file (type png)
<use pics/pic-ranjan2017hyperface-siet.png>
Package pdftex.def Info: pics/pic-ranjan2017hyperface-siet.png  used on input l
ine 232.
(pdftex.def)             Requested size: 379.41118pt x 213.39566pt.
[12

]
<pics/pic-ranjan2017hyperface-xichty.png, id=240, 451.6875pt x 234.8775pt>
File: pics/pic-ranjan2017hyperface-xichty.png Graphic file (type png)
<use pics/pic-ranjan2017hyperface-xichty.png>
Package pdftex.def Info: pics/pic-ranjan2017hyperface-xichty.png  used on input
 line 244.
(pdftex.def)             Requested size: 328.30244pt x 170.71652pt.
<pics/oneMsBody.png, id=245, 185.19188pt x 177.66376pt>
File: pics/oneMsBody.png Graphic file (type png)
<use pics/oneMsBody.png>
Package pdftex.def Info: pics/oneMsBody.png  used on input line 256.
(pdftex.def)             Requested size: 177.95453pt x 170.71652pt.
 [13 <./pics/pic-ranjan2017hyperface-siet.png (PNG copy)> <./pics/pic-ranjan201
7hyperface-xichty.png (PNG copy)>]
<pics/realsensedis.jpg, id=259, 501.875pt x 260.975pt>
File: pics/realsensedis.jpg Graphic file (type jpg)
<use pics/realsensedis.jpg>
Package pdftex.def Info: pics/realsensedis.jpg  used on input line 280.
(pdftex.def)             Requested size: 300.94353pt x 156.49014pt.
 [14 <./pics/oneMsBody.png (PNG copy)>]
<pics/openCv.jpg, id=273, 451.6875pt x 451.6875pt>
File: pics/openCv.jpg Graphic file (type jpg)
<use pics/openCv.jpg>
Package pdftex.def Info: pics/openCv.jpg  used on input line 302.
(pdftex.def)             Requested size: 142.26163pt x 142.26378pt.

[15 <./pics/realsensedis.jpg> <./pics/openCv.jpg>]
<pics/dlib.jpg, id=285, 585.18625pt x 762.85pt>
File: pics/dlib.jpg Graphic file (type jpg)
<use pics/dlib.jpg>
Package pdftex.def Info: pics/dlib.jpg  used on input line 316.
(pdftex.def)             Requested size: 109.12389pt x 142.26378pt.

Underfull \hbox (badness 10000) in paragraph at lines 333--334

 []


Underfull \hbox (badness 10000) in paragraph at lines 335--338

 []


Underfull \hbox (badness 10000) in paragraph at lines 335--338

 []

[16 <./pics/dlib.jpg>]
Underfull \hbox (badness 10000) in paragraph at lines 347--348

 []


Underfull \hbox (badness 10000) in paragraph at lines 349--351

 []


Underfull \hbox (badness 10000) in paragraph at lines 360--361

 []


Underfull \hbox (badness 10000) in paragraph at lines 375--376

 []

[17]
Underfull \hbox (badness 10000) in paragraph at lines 388--389

 []

<pics/face-detection-speed-comparison.jpg, id=303, 602.25pt x 372.39125pt>
File: pics/face-detection-speed-comparison.jpg Graphic file (type jpg)
<use pics/face-detection-speed-comparison.jpg>
Package pdftex.def Info: pics/face-detection-speed-comparison.jpg  used on inpu
t line 399.
(pdftex.def)             Requested size: 276.10101pt x 170.71652pt.
[18]

Package hyperref Warning: Composite letter `\textasciicaron+c'
(hyperref)                not defined in PD1 encoding,
(hyperref)                removing `\textasciicaron' on input line 406.


Underfull \hbox (badness 10000) in paragraph at lines 407--408

 []

<pics/avad.png, id=313, 357.58594pt x 249.93375pt>
File: pics/avad.png Graphic file (type png)
<use pics/avad.png>
Package pdftex.def Info: pics/avad.png  used on input line 418.
(pdftex.def)             Requested size: 244.25739pt x 170.71652pt.
[19 <./pics/face-detection-speed-comparison.jpg>] [20 <./pics/avad.png (PNG cop
y)>]
Kapitola 6.
[21

]
LaTeX Font Info:    Font shape `OT1/cmtt/bx/n' in size <14.4> not available
(Font)              Font shape `OT1/cmtt/m/n' tried instead on input line 479.
<pics/Frame.jpg, id=335, 1179.40625pt x 673.51625pt>
File: pics/Frame.jpg Graphic file (type jpg)
<use pics/Frame.jpg>
Package pdftex.def Info: pics/Frame.jpg  used on input line 494.
(pdftex.def)             Requested size: 433.47609pt x 247.53888pt.
 [22]
Overfull \hbox (5.24554pt too wide) in paragraph at lines 501--505
[]\OT1/cmr/m/n/12 Ako sme pop^^S^^Psali v ^^Tcasti [][]5.2.4[][], na de-tek-ciu
 tv^^Sar^^S^^P sme pou^^Tzili kni^^Tznicu Dlib, konkr^^Setne
 []


Overfull \hbox (4.5706pt too wide) in paragraph at lines 507--525
[]\OT1/cmr/m/n/12 Pre de-tek-ciu bo-dov na tv^^Sari bu-deme po-tre-bo-vat[] nat
r^^Senovan^^Sy mo-del. V pr^^S^^Pkladov^^Sych
 []

[23 <./pics/Frame.jpg>]
<pics/detekciaKsicht.png, id=358, 646.415pt x 401.5pt>
File: pics/detekciaKsicht.png Graphic file (type png)
<use pics/detekciaKsicht.png>
Package pdftex.def Info: pics/detekciaKsicht.png  used on input line 541.
(pdftex.def)             Requested size: 274.8559pt x 170.71652pt.
 [24 <./pics/detekciaKsicht.png (PNG copy)>]
<pics/vysvetleniePosuvnehoPola.png, id=370, 893.3375pt x 414.54875pt>
File: pics/vysvetleniePosuvnehoPola.png Graphic file (type png)
<use pics/vysvetleniePosuvnehoPola.png>
Package pdftex.def Info: pics/vysvetleniePosuvnehoPola.png  used on input line 
565.
(pdftex.def)             Requested size: 306.56602pt x 142.26378pt.
<pics/FrameForLearningThreshold.jpg, id=371, 1147.28625pt x 791.95876pt>
File: pics/FrameForLearningThreshold.jpg Graphic file (type jpg)
<use pics/FrameForLearningThreshold.jpg>
Package pdftex.def Info: pics/FrameForLearningThreshold.jpg  used on input line
 578.
(pdftex.def)             Requested size: 424.5593pt x 293.06346pt.
 [25 <./pics/vysvetleniePosuvnehoPola.png>]
<pics/spravneRozpoznanie.png, id=379, 1334.9875pt x 777.90625pt>
File: pics/spravneRozpoznanie.png Graphic file (type png)
<use pics/spravneRozpoznanie.png>
Package pdftex.def Info: pics/spravneRozpoznanie.png  used on input line 594.
(pdftex.def)             Requested size: 341.79231pt x 199.16928pt.
 [26 <./pics/FrameForLearningThreshold.jpg>]
<pics/nespravneRozpoznanie.png, id=386, 1371.1225pt x 779.91376pt>
File: pics/nespravneRozpoznanie.png Graphic file (type png)
<use pics/nespravneRozpoznanie.png>
Package pdftex.def Info: pics/nespravneRozpoznanie.png  used on input line 607.

(pdftex.def)             Requested size: 350.1442pt x 199.16928pt.
)
(./text/05_literatura.tex [27 <./pics/spravneRozpoznanie.png> <./pics/nespravne
Rozpoznanie.png>] [28] (./main.bbl [29

]))
Package atveryend Info: Empty hook `BeforeClearDocument' on input line 38.
 [30]
Package atveryend Info: Empty hook `AfterLastShipout' on input line 38.
 (./main.aux)
Package atveryend Info: Executing hook `AtVeryEndDocument' on input line 38.
Package atveryend Info: Executing hook `AtEndAfterFileList' on input line 38.
Package rerunfilecheck Info: File `main.out' has not changed.
(rerunfilecheck)             Checksum: AEB0E1E5ECE3AFACCDBE65612FD156A4;1698.


LaTeX Warning: There were multiply-defined labels.

Package atveryend Info: Empty hook `AtVeryVeryEnd' on input line 38.
 ) 
Here is how much of TeX's memory you used:
 9565 strings out of 492616
 136123 string characters out of 6135177
 258861 words of memory out of 5000000
 13169 multiletter control sequences out of 15000+600000
 11395 words of font info for 43 fonts, out of 8000000 for 9000
 1141 hyphenation exceptions out of 8191
 44i,9n,41p,602b,475s stack positions out of 5000i,500n,10000p,200000b,80000s
</usr/share/texmf-dist/fonts/type1/public/amsfonts/cm/cmbx12.pfb></usr/share/
texmf-dist/fonts/type1/public/amsfonts/cm/cmcsc10.pfb></usr/share/texmf-dist/fo
nts/type1/public/amsfonts/cm/cmr12.pfb></usr/share/texmf-dist/fonts/type1/publi
c/amsfonts/cm/cmr8.pfb></usr/share/texmf-dist/fonts/type1/public/amsfonts/cm/cm
sy10.pfb></usr/share/texmf-dist/fonts/type1/public/amsfonts/cm/cmti12.pfb></usr
/share/texmf-dist/fonts/type1/public/amsfonts/cm/cmtt12.pfb>
Output written on main.pdf (30 pages, 2847372 bytes).
PDF statistics:
 480 PDF objects out of 1000 (max. 8388607)
 408 compressed objects within 5 object streams
 105 named destinations out of 1000 (max. 500000)
 311 words of extra memory for PDF output out of 10000 (max. 10000000)

